17:58:40 **** Incremental Build of configuration Debug for project TUT_ESP8266_WEBSERVER ****
make -j8 all 
arm-none-eabi-gcc -o "TUT_ESP8266_WEBSERVER.elf" @"objects.list"   -mcpu=cortex-m4 -T"D:\Robi\An4\LICENTA BAA\STM32 Workspace\TUT_ESP8266_WEBSERVER\STM32F446RETX_FLASH.ld" --specs=nosys.specs -Wl,-Map="TUT_ESP8266_WEBSERVER.map" -Wl,--gc-sections -static --specs=nano.specs -mfpu=fpv4-sp-d16 -mfloat-abi=hard -mthumb -Wl,--start-group -lc -lm -Wl,--end-group
c:\st\stm32cubeide_1.9.0\stm32cubeide\plugins\com.st.stm32cube.ide.mcu.externaltools.gnu-tools-for-stm32.10.3-2021.10.win32_1.0.0.202111181127\tools\arm-none-eabi\bin\ld.exe: ./Core/Src/ESP8266_HAL.o:D:/Robi/An4/LICENTA BAA/STM32 Workspace/TUT_ESP8266_WEBSERVER/Debug/../Core/Src/ESP8266_HAL.c:21: multiple definition of `buffer'; ./Core/ESP8266_HAL.o:D:/Robi/An4/LICENTA BAA/STM32 Workspace/TUT_ESP8266_WEBSERVER/Debug/../Core/ESP8266_HAL.c:21: first defined here
c:\st\stm32cubeide_1.9.0\stm32cubeide\plugins\com.st.stm32cube.ide.mcu.externaltools.gnu-tools-for-stm32.10.3-2021.10.win32_1.0.0.202111181127\tools\arm-none-eabi\bin\ld.exe: ./Core/Src/ESP8266_HAL.o:D:/Robi/An4/LICENTA BAA/STM32 Workspace/TUT_ESP8266_WEBSERVER/Debug/../Core/Src/ESP8266_HAL.c:24: multiple definition of `Basic_inclusion'; ./Core/ESP8266_HAL.o:D:/Robi/An4/LICENTA BAA/STM32 Workspace/TUT_ESP8266_WEBSERVER/Debug/../Core/ESP8266_HAL.c:24: first defined here
c:\st\stm32cubeide_1.9.0\stm32cubeide\plugins\com.st.stm32cube.ide.mcu.externaltools.gnu-tools-for-stm32.10.3-2021.10.win32_1.0.0.202111181127\tools\arm-none-eabi\bin\ld.exe: ./Core/Src/ESP8266_HAL.o:D:/Robi/An4/LICENTA BAA/STM32 Workspace/TUT_ESP8266_WEBSERVER/Debug/../Core/Src/ESP8266_HAL.c:38: multiple definition of `LED_ON'; ./Core/ESP8266_HAL.o:D:/Robi/An4/LICENTA BAA/STM32 Workspace/TUT_ESP8266_WEBSERVER/Debug/../Core/ESP8266_HAL.c:38: first defined here
c:\st\stm32cubeide_1.9.0\stm32cubeide\plugins\com.st.stm32cube.ide.mcu.externaltools.gnu-tools-for-stm32.10.3-2021.10.win32_1.0.0.202111181127\tools\arm-none-eabi\bin\ld.exe: ./Core/Src/ESP8266_HAL.o:D:/Robi/An4/LICENTA BAA/STM32 Workspace/TUT_ESP8266_WEBSERVER/Debug/../Core/Src/ESP8266_HAL.c:39: multiple definition of `LED_OFF'; ./Core/ESP8266_HAL.o:D:/Robi/An4/LICENTA BAA/STM32 Workspace/TUT_ESP8266_WEBSERVER/Debug/../Core/ESP8266_HAL.c:39: first defined here
c:\st\stm32cubeide_1.9.0\stm32cubeide\plugins\com.st.stm32cube.ide.mcu.externaltools.gnu-tools-for-stm32.10.3-2021.10.win32_1.0.0.202111181127\tools\arm-none-eabi\bin\ld.exe: ./Core/Src/ESP8266_HAL.o:D:/Robi/An4/LICENTA BAA/STM32 Workspace/TUT_ESP8266_WEBSERVER/Debug/../Core/Src/ESP8266_HAL.c:40: multiple definition of `Terminate'; ./Core/ESP8266_HAL.o:D:/Robi/An4/LICENTA BAA/STM32 Workspace/TUT_ESP8266_WEBSERVER/Debug/../Core/ESP8266_HAL.c:40: first defined here
c:\st\stm32cubeide_1.9.0\stm32cubeide\plugins\com.st.stm32cube.ide.mcu.externaltools.gnu-tools-for-stm32.10.3-2021.10.win32_1.0.0.202111181127\tools\arm-none-eabi\bin\ld.exe: ./Core/Src/ESP8266_HAL.o: in function `ESP_Init':
D:/Robi/An4/LICENTA BAA/STM32 Workspace/TUT_ESP8266_WEBSERVER/Debug/../Core/Src/ESP8266_HAL.c:47: multiple definition of `ESP_Init'; ./Core/ESP8266_HAL.o:D:/Robi/An4/LICENTA BAA/STM32 Workspace/TUT_ESP8266_WEBSERVER/Debug/../Core/ESP8266_HAL.c:47: first defined here
c:\st\stm32cubeide_1.9.0\stm32cubeide\plugins\com.st.stm32cube.ide.mcu.externaltools.gnu-tools-for-stm32.10.3-2021.10.win32_1.0.0.202111181127\tools\arm-none-eabi\bin\ld.exe: ./Core/Src/ESP8266_HAL.o: in function `Server_Send':
D:/Robi/An4/LICENTA BAA/STM32 Workspace/TUT_ESP8266_WEBSERVER/Debug/../Core/Src/ESP8266_HAL.c:115: multiple definition of `Server_Send'; ./Core/ESP8266_HAL.o:D:/Robi/An4/LICENTA BAA/STM32 Workspace/TUT_ESP8266_WEBSERVER/Debug/../Core/ESP8266_HAL.c:108: first defined here
c:\st\stm32cubeide_1.9.0\stm32cubeide\plugins\com.st.stm32cube.ide.mcu.externaltools.gnu-tools-for-stm32.10.3-2021.10.win32_1.0.0.202111181127\tools\arm-none-eabi\bin\ld.exe: ./Core/Src/ESP8266_HAL.o: in function `Server_Handle':
D:/Robi/An4/LICENTA BAA/STM32 Workspace/TUT_ESP8266_WEBSERVER/Debug/../Core/Src/ESP8266_HAL.c:130: multiple definition of `Server_Handle'; ./Core/ESP8266_HAL.o:D:/Robi/An4/LICENTA BAA/STM32 Workspace/TUT_ESP8266_WEBSERVER/Debug/../Core/ESP8266_HAL.c:123: first defined here
c:\st\stm32cubeide_1.9.0\stm32cubeide\plugins\com.st.stm32cube.ide.mcu.externaltools.gnu-tools-for-stm32.10.3-2021.10.win32_1.0.0.202111181127\tools\arm-none-eabi\bin\ld.exe: ./Core/Src/ESP8266_HAL.o: in function `Server_Start':
D:/Robi/An4/LICENTA BAA/STM32 Workspace/TUT_ESP8266_WEBSERVER/Debug/../Core/Src/ESP8266_HAL.c:159: multiple definition of `Server_Start'; ./Core/ESP8266_HAL.o:D:/Robi/An4/LICENTA BAA/STM32 Workspace/TUT_ESP8266_WEBSERVER/Debug/../Core/ESP8266_HAL.c:152: first defined here
c:\st\stm32cubeide_1.9.0\stm32cubeide\plugins\com.st.stm32cube.ide.mcu.externaltools.gnu-tools-for-stm32.10.3-2021.10.win32_1.0.0.202111181127\tools\arm-none-eabi\bin\ld.exe: ./Core/Src/UartRingbuffer_multi.o:D:/Robi/An4/LICENTA BAA/STM32 Workspace/TUT_ESP8266_WEBSERVER/Debug/../Core/Src/UartRingbuffer_multi.c:29: multiple definition of `rx_buffer1'; ./Core/UartRingbuffer_multi.o:D:/Robi/An4/LICENTA BAA/STM32 Workspace/TUT_ESP8266_WEBSERVER/Debug/../Core/UartRingbuffer_multi.c:29: first defined here
c:\st\stm32cubeide_1.9.0\stm32cubeide\plugins\com.st.stm32cube.ide.mcu.externaltools.gnu-tools-for-stm32.10.3-2021.10.win32_1.0.0.202111181127\tools\arm-none-eabi\bin\ld.exe: ./Core/Src/UartRingbuffer_multi.o:D:/Robi/An4/LICENTA BAA/STM32 Workspace/TUT_ESP8266_WEBSERVER/Debug/../Core/Src/UartRingbuffer_multi.c:30: multiple definition of `tx_buffer1'; ./Core/UartRingbuffer_multi.o:D:/Robi/An4/LICENTA BAA/STM32 Workspace/TUT_ESP8266_WEBSERVER/Debug/../Core/UartRingbuffer_multi.c:30: first defined here
c:\st\stm32cubeide_1.9.0\stm32cubeide\plugins\com.st.stm32cube.ide.mcu.externaltools.gnu-tools-for-stm32.10.3-2021.10.win32_1.0.0.202111181127\tools\arm-none-eabi\bin\ld.exe: ./Core/Src/UartRingbuffer_multi.o:D:/Robi/An4/LICENTA BAA/STM32 Workspace/TUT_ESP8266_WEBSERVER/Debug/../Core/Src/UartRingbuffer_multi.c:31: multiple definition of `rx_buffer2'; ./Core/UartRingbuffer_multi.o:D:/Robi/An4/LICENTA BAA/STM32 Workspace/TUT_ESP8266_WEBSERVER/Debug/../Core/UartRingbuffer_multi.c:31: first defined here
c:\st\stm32cubeide_1.9.0\stm32cubeide\plugins\com.st.stm32cube.ide.mcu.externaltools.gnu-tools-for-stm32.10.3-2021.10.win32_1.0.0.202111181127\tools\arm-none-eabi\bin\ld.exe: ./Core/Src/UartRingbuffer_multi.o:D:/Robi/An4/LICENTA BAA/STM32 Workspace/TUT_ESP8266_WEBSERVER/Debug/../Core/Src/UartRingbuffer_multi.c:32: multiple definition of `tx_buffer2'; ./Core/UartRingbuffer_multi.o:D:/Robi/An4/LICENTA BAA/STM32 Workspace/TUT_ESP8266_WEBSERVER/Debug/../Core/UartRingbuffer_multi.c:32: first defined here
c:\st\stm32cubeide_1.9.0\stm32cubeide\plugins\com.st.stm32cube.ide.mcu.externaltools.gnu-tools-for-stm32.10.3-2021.10.win32_1.0.0.202111181127\tools\arm-none-eabi\bin\ld.exe: ./Core/Src/UartRingbuffer_multi.o:D:/Robi/An4/LICENTA BAA/STM32 Workspace/TUT_ESP8266_WEBSERVER/Debug/../Core/Src/UartRingbuffer_multi.c:34: multiple definition of `_rx_buffer1'; ./Core/UartRingbuffer_multi.o:D:/Robi/An4/LICENTA BAA/STM32 Workspace/TUT_ESP8266_WEBSERVER/Debug/../Core/UartRingbuffer_multi.c:34: first defined here
c:\st\stm32cubeide_1.9.0\stm32cubeide\plugins\com.st.stm32cube.ide.mcu.externaltools.gnu-tools-for-stm32.10.3-2021.10.win32_1.0.0.202111181127\tools\arm-none-eabi\bin\ld.exe: ./Core/Src/UartRingbuffer_multi.o:D:/Robi/An4/LICENTA BAA/STM32 Workspace/TUT_ESP8266_WEBSERVER/Debug/../Core/Src/UartRingbuffer_multi.c:35: multiple definition of `_tx_buffer1'; ./Core/UartRingbuffer_multi.o:D:/Robi/An4/LICENTA BAA/STM32 Workspace/TUT_ESP8266_WEBSERVER/Debug/../Core/UartRingbuffer_multi.c:35: first defined here
c:\st\stm32cubeide_1.9.0\stm32cubeide\plugins\com.st.stm32cube.ide.mcu.externaltools.gnu-tools-for-stm32.10.3-2021.10.win32_1.0.0.202111181127\tools\arm-none-eabi\bin\ld.exe: ./Core/Src/UartRingbuffer_multi.o:D:/Robi/An4/LICENTA BAA/STM32 Workspace/TUT_ESP8266_WEBSERVER/Debug/../Core/Src/UartRingbuffer_multi.c:36: multiple definition of `_rx_buffer2'; ./Core/UartRingbuffer_multi.o:D:/Robi/An4/LICENTA BAA/STM32 Workspace/TUT_ESP8266_WEBSERVER/Debug/../Core/UartRingbuffer_multi.c:36: first defined here
c:\st\stm32cubeide_1.9.0\stm32cubeide\plugins\com.st.stm32cube.ide.mcu.externaltools.gnu-tools-for-stm32.10.3-2021.10.win32_1.0.0.202111181127\tools\arm-none-eabi\bin\ld.exe: ./Core/Src/UartRingbuffer_multi.o:D:/Robi/An4/LICENTA BAA/STM32 Workspace/TUT_ESP8266_WEBSERVER/Debug/../Core/Src/UartRingbuffer_multi.c:37: multiple definition of `_tx_buffer2'; ./Core/UartRingbuffer_multi.o:D:/Robi/An4/LICENTA BAA/STM32 Workspace/TUT_ESP8266_WEBSERVER/Debug/../Core/UartRingbuffer_multi.c:37: first defined here
c:\st\stm32cubeide_1.9.0\stm32cubeide\plugins\com.st.stm32cube.ide.mcu.externaltools.gnu-tools-for-stm32.10.3-2021.10.win32_1.0.0.202111181127\tools\arm-none-eabi\bin\ld.exe: ./Core/Src/UartRingbuffer_multi.o: in function `Ringbuf_init':
D:/Robi/An4/LICENTA BAA/STM32 Workspace/TUT_ESP8266_WEBSERVER/Debug/../Core/Src/UartRingbuffer_multi.c:43: multiple definition of `Ringbuf_init'; ./Core/UartRingbuffer_multi.o:D:/Robi/An4/LICENTA BAA/STM32 Workspace/TUT_ESP8266_WEBSERVER/Debug/../Core/UartRingbuffer_multi.c:43: first defined here
c:\st\stm32cubeide_1.9.0\stm32cubeide\plugins\com.st.stm32cube.ide.mcu.externaltools.gnu-tools-for-stm32.10.3-2021.10.win32_1.0.0.202111181127\tools\arm-none-eabi\bin\ld.exe: ./Core/Src/UartRingbuffer_multi.o: in function `store_char':
D:/Robi/An4/LICENTA BAA/STM32 Workspace/TUT_ESP8266_WEBSERVER/Debug/../Core/Src/UartRingbuffer_multi.c:59: multiple definition of `store_char'; ./Core/UartRingbuffer_multi.o:D:/Robi/An4/LICENTA BAA/STM32 Workspace/TUT_ESP8266_WEBSERVER/Debug/../Core/UartRingbuffer_multi.c:59: first defined here
c:\st\stm32cubeide_1.9.0\stm32cubeide\plugins\com.st.stm32cube.ide.mcu.externaltools.gnu-tools-for-stm32.10.3-2021.10.win32_1.0.0.202111181127\tools\arm-none-eabi\bin\ld.exe: ./Core/Src/UartRingbuffer_multi.o: in function `Look_for':
D:/Robi/An4/LICENTA BAA/STM32 Workspace/TUT_ESP8266_WEBSERVER/Debug/../Core/Src/UartRingbuffer_multi.c:74: multiple definition of `Look_for'; ./Core/UartRingbuffer_multi.o:D:/Robi/An4/LICENTA BAA/STM32 Workspace/TUT_ESP8266_WEBSERVER/Debug/../Core/UartRingbuffer_multi.c:74: first defined here
c:\st\stm32cubeide_1.9.0\stm32cubeide\plugins\com.st.stm32cube.ide.mcu.externaltools.gnu-tools-for-stm32.10.3-2021.10.win32_1.0.0.202111181127\tools\arm-none-eabi\bin\ld.exe: ./Core/Src/UartRingbuffer_multi.o: in function `Uart_flush':
D:/Robi/An4/LICENTA BAA/STM32 Workspace/TUT_ESP8266_WEBSERVER/Debug/../Core/Src/UartRingbuffer_multi.c:159: multiple definition of `Uart_flush'; ./Core/UartRingbuffer_multi.o:D:/Robi/An4/LICENTA BAA/STM32 Workspace/TUT_ESP8266_WEBSERVER/Debug/../Core/UartRingbuffer_multi.c:102: first defined here
c:\st\stm32cubeide_1.9.0\stm32cubeide\plugins\com.st.stm32cube.ide.mcu.externaltools.gnu-tools-for-stm32.10.3-2021.10.win32_1.0.0.202111181127\tools\arm-none-eabi\bin\ld.exe: ./Core/Src/UartRingbuffer_multi.o: in function `Uart_peek':
D:/Robi/An4/LICENTA BAA/STM32 Workspace/TUT_ESP8266_WEBSERVER/Debug/../Core/Src/UartRingbuffer_multi.c:174: multiple definition of `Uart_peek'; ./Core/UartRingbuffer_multi.o:D:/Robi/An4/LICENTA BAA/STM32 Workspace/TUT_ESP8266_WEBSERVER/Debug/../Core/UartRingbuffer_multi.c:115: first defined here
c:\st\stm32cubeide_1.9.0\stm32cubeide\plugins\com.st.stm32cube.ide.mcu.externaltools.gnu-tools-for-stm32.10.3-2021.10.win32_1.0.0.202111181127\tools\arm-none-eabi\bin\ld.exe: ./Core/Src/UartRingbuffer_multi.o: in function `Uart_read':
D:/Robi/An4/LICENTA BAA/STM32 Workspace/TUT_ESP8266_WEBSERVER/Debug/../Core/Src/UartRingbuffer_multi.c:203: multiple definition of `Uart_read'; ./Core/UartRingbuffer_multi.o:D:/Robi/An4/LICENTA BAA/STM32 Workspace/TUT_ESP8266_WEBSERVER/Debug/../Core/UartRingbuffer_multi.c:144: first defined here
c:\st\stm32cubeide_1.9.0\stm32cubeide\plugins\com.st.stm32cube.ide.mcu.externaltools.gnu-tools-for-stm32.10.3-2021.10.win32_1.0.0.202111181127\tools\arm-none-eabi\bin\ld.exe: ./Core/Src/UartRingbuffer_multi.o: in function `Uart_write':
D:/Robi/An4/LICENTA BAA/STM32 Workspace/TUT_ESP8266_WEBSERVER/Debug/../Core/Src/UartRingbuffer_multi.c:238: multiple definition of `Uart_write'; ./Core/UartRingbuffer_multi.o:D:/Robi/An4/LICENTA BAA/STM32 Workspace/TUT_ESP8266_WEBSERVER/Debug/../Core/UartRingbuffer_multi.c:179: first defined here
c:\st\stm32cubeide_1.9.0\stm32cubeide\plugins\com.st.stm32cube.ide.mcu.externaltools.gnu-tools-for-stm32.10.3-2021.10.win32_1.0.0.202111181127\tools\arm-none-eabi\bin\ld.exe: ./Core/Src/UartRingbuffer_multi.o: in function `IsDataAvailable':
D:/Robi/An4/LICENTA BAA/STM32 Workspace/TUT_ESP8266_WEBSERVER/Debug/../Core/Src/UartRingbuffer_multi.c:272: multiple definition of `IsDataAvailable'; ./Core/UartRingbuffer_multi.o:D:/Robi/An4/LICENTA BAA/STM32 Workspace/TUT_ESP8266_WEBSERVER/Debug/../Core/UartRingbuffer_multi.c:213: first defined here
c:\st\stm32cubeide_1.9.0\stm32cubeide\plugins\com.st.stm32cube.ide.mcu.externaltools.gnu-tools-for-stm32.10.3-2021.10.win32_1.0.0.202111181127\tools\arm-none-eabi\bin\ld.exe: ./Core/Src/UartRingbuffer_multi.o: in function `Get_after':
D:/Robi/An4/LICENTA BAA/STM32 Workspace/TUT_ESP8266_WEBSERVER/Debug/../Core/Src/UartRingbuffer_multi.c:281: multiple definition of `Get_after'; ./Core/UartRingbuffer_multi.o:D:/Robi/An4/LICENTA BAA/STM32 Workspace/TUT_ESP8266_WEBSERVER/Debug/../Core/UartRingbuffer_multi.c:222: first defined here
c:\st\stm32cubeide_1.9.0\stm32cubeide\plugins\com.st.stm32cube.ide.mcu.externaltools.gnu-tools-for-stm32.10.3-2021.10.win32_1.0.0.202111181127\tools\arm-none-eabi\bin\ld.exe: ./Core/Src/UartRingbuffer_multi.o: in function `Wait_for':
D:/Robi/An4/LICENTA BAA/STM32 Workspace/TUT_ESP8266_WEBSERVER/Debug/../Core/Src/UartRingbuffer_multi.c:355: multiple definition of `Wait_for'; ./Core/UartRingbuffer_multi.o:D:/Robi/An4/LICENTA BAA/STM32 Workspace/TUT_ESP8266_WEBSERVER/Debug/../Core/UartRingbuffer_multi.c:295: first defined here
c:\st\stm32cubeide_1.9.0\stm32cubeide\plugins\com.st.stm32cube.ide.mcu.externaltools.gnu-tools-for-stm32.10.3-2021.10.win32_1.0.0.202111181127\tools\arm-none-eabi\bin\ld.exe: ./Core/Src/UartRingbuffer_multi.o: in function `Uart_sendstring':
D:/Robi/An4/LICENTA BAA/STM32 Workspace/TUT_ESP8266_WEBSERVER/Debug/../Core/Src/UartRingbuffer_multi.c:293: multiple definition of `Uart_sendstring'; ./Core/UartRingbuffer_multi.o:D:/Robi/An4/LICENTA BAA/STM32 Workspace/TUT_ESP8266_WEBSERVER/Debug/../Core/UartRingbuffer_multi.c:234: first defined here
c:\st\stm32cubeide_1.9.0\stm32cubeide\plugins\com.st.stm32cube.ide.mcu.externaltools.gnu-tools-for-stm32.10.3-2021.10.win32_1.0.0.202111181127\tools\arm-none-eabi\bin\ld.exe: ./Core/Src/UartRingbuffer_multi.o: in function `Uart_printbase':
D:/Robi/An4/LICENTA BAA/STM32 Workspace/TUT_ESP8266_WEBSERVER/Debug/../Core/Src/UartRingbuffer_multi.c:298: multiple definition of `Uart_printbase'; ./Core/UartRingbuffer_multi.o:D:/Robi/An4/LICENTA BAA/STM32 Workspace/TUT_ESP8266_WEBSERVER/Debug/../Core/UartRingbuffer_multi.c:239: first defined here
c:\st\stm32cubeide_1.9.0\stm32cubeide\plugins\com.st.stm32cube.ide.mcu.externaltools.gnu-tools-for-stm32.10.3-2021.10.win32_1.0.0.202111181127\tools\arm-none-eabi\bin\ld.exe: ./Core/Src/UartRingbuffer_multi.o: in function `Copy_upto':
D:/Robi/An4/LICENTA BAA/STM32 Workspace/TUT_ESP8266_WEBSERVER/Debug/../Core/Src/UartRingbuffer_multi.c:319: multiple definition of `Copy_upto'; ./Core/UartRingbuffer_multi.o:D:/Robi/An4/LICENTA BAA/STM32 Workspace/TUT_ESP8266_WEBSERVER/Debug/../Core/UartRingbuffer_multi.c:260: first defined here
c:\st\stm32cubeide_1.9.0\stm32cubeide\plugins\com.st.stm32cube.ide.mcu.externaltools.gnu-tools-for-stm32.10.3-2021.10.win32_1.0.0.202111181127\tools\arm-none-eabi\bin\ld.exe: ./Core/Src/UartRingbuffer_multi.o: in function `Uart_isr':
D:/Robi/An4/LICENTA BAA/STM32 Workspace/TUT_ESP8266_WEBSERVER/Debug/../Core/Src/UartRingbuffer_multi.c:386: multiple definition of `Uart_isr'; ./Core/UartRingbuffer_multi.o:D:/Robi/An4/LICENTA BAA/STM32 Workspace/TUT_ESP8266_WEBSERVER/Debug/../Core/UartRingbuffer_multi.c:324: first defined here
collect2.exe: error: ld returned 1 exit status
make: *** [makefile:65: TUT_ESP8266_WEBSERVER.elf] Error 1
"make -j8 all" terminated with exit code 2. Build might be incomplete.

17:58:40 Build Failed. 50 errors, 0 warnings. (took 668ms)

